random_crop.out 22.675
rot90.out 29.77265625
noises.out nan
gaussian_blur.out 0.843994140625
gaussian_noise.out 31.5046875
motion_blur.out 7.82890625
jpeg_compression.out 19.85
shot_noise.out 24.603125
flip.out 2.7171875
brightness.out 0.951123046875
snow.out 7.005078125
fog.out 3.483984375
labels-C.out nan
glass_blur.out 32.834375
elastic_transform.out 13.95234375
contrast.out 4.0361328125
speckle_noise.out 22.3796875
color_jitter.out 24.596875
saturate.out 9.498046875
zoom_blur.out 10.2484375
spatter.out 6.886328125
rot270.out 29.60078125
pixelate.out 4.61171875
impulse_noise.out 28.128125
defocus_blur.out 0.85205078125
